<?xml version="1.0" encoding="UTF-8"?>
<testng-results ignored="0" total="1" passed="1" failed="0" skipped="0">
  <reporter-output>
  </reporter-output>
  <suite started-at="2021-10-18T19:54:13 IST" name="loginsuite" finished-at="2021-10-18T19:55:15 IST" duration-ms="61449">
    <groups>
    </groups>
    <test started-at="2021-10-18T19:54:13 IST" name="logintest" finished-at="2021-10-18T19:55:15 IST" duration-ms="61449">
      <class name="com.MavenProject.TestCases.TC_LoginTest_001">
        <test-method is-config="true" signature="setup()[pri:0, instance:com.MavenProject.TestCases.TC_LoginTest_001@5ccddd20]" started-at="2021-10-18T19:54:13 IST" name="setup" finished-at="2021-10-18T19:54:43 IST" duration-ms="29776" status="PASS">
          <reporter-output>
          </reporter-output>
        </test-method> <!-- setup -->
        <test-method signature="logintest()[pri:0, instance:com.MavenProject.TestCases.TC_LoginTest_001@5ccddd20]" started-at="2021-10-18T19:54:43 IST" name="logintest" finished-at="2021-10-18T19:55:11 IST" duration-ms="27849" status="PASS">
          <reporter-output>
          </reporter-output>
        </test-method> <!-- logintest -->
        <test-method is-config="true" signature="closebrowser()[pri:0, instance:com.MavenProject.TestCases.TC_LoginTest_001@5ccddd20]" started-at="2021-10-18T19:55:11 IST" name="closebrowser" finished-at="2021-10-18T19:55:15 IST" duration-ms="3652" status="PASS">
          <reporter-output>
          </reporter-output>
        </test-method> <!-- closebrowser -->
      </class> <!-- com.MavenProject.TestCases.TC_LoginTest_001 -->
    </test> <!-- logintest -->
  </suite> <!-- loginsuite -->
</testng-results>
