<?xml version="1.0" encoding="UTF-8"?>
<testng-results ignored="0" total="1" passed="1" failed="0" skipped="0">
  <reporter-output>
  </reporter-output>
  <suite started-at="2021-10-18T11:37:58 IST" name="loginsuite" finished-at="2021-10-18T11:39:10 IST" duration-ms="71955">
    <groups>
    </groups>
    <test started-at="2021-10-18T11:37:58 IST" name="logintest" finished-at="2021-10-18T11:39:10 IST" duration-ms="71955">
      <class name="com.MavenProject.TestCases.TC_LoginTest_001">
        <test-method is-config="true" signature="setup()[pri:0, instance:com.MavenProject.TestCases.TC_LoginTest_001@7b9a4292]" started-at="2021-10-18T11:37:58 IST" name="setup" finished-at="2021-10-18T11:38:37 IST" duration-ms="38823" status="PASS">
          <reporter-output>
          </reporter-output>
        </test-method> <!-- setup -->
        <test-method signature="logintest()[pri:0, instance:com.MavenProject.TestCases.TC_LoginTest_001@7b9a4292]" started-at="2021-10-18T11:38:37 IST" name="logintest" finished-at="2021-10-18T11:39:06 IST" duration-ms="29176" status="PASS">
          <reporter-output>
          </reporter-output>
        </test-method> <!-- logintest -->
        <test-method is-config="true" signature="closebrowser()[pri:0, instance:com.MavenProject.TestCases.TC_LoginTest_001@7b9a4292]" started-at="2021-10-18T11:39:06 IST" name="closebrowser" finished-at="2021-10-18T11:39:10 IST" duration-ms="3537" status="PASS">
          <reporter-output>
          </reporter-output>
        </test-method> <!-- closebrowser -->
      </class> <!-- com.MavenProject.TestCases.TC_LoginTest_001 -->
    </test> <!-- logintest -->
  </suite> <!-- loginsuite -->
</testng-results>
